e:\practise\gametech_2017\build\ncltech\debug\ncltech.pdb
e:\practise\gametech_2017\build\ncltech\debug\ncltech.idb
e:\practise\gametech_2017\build\ncltech\debug\commonmeshes.obj
e:\practise\gametech_2017\build\ncltech\debug\commonutils.obj
e:\practise\gametech_2017\build\ncltech\debug\cuboidcollisionshape.obj
e:\practise\gametech_2017\build\ncltech\debug\networkbase.obj
e:\practise\gametech_2017\build\ncltech\debug\objectmeshdragable.obj
e:\practise\gametech_2017\build\ncltech\debug\ncldebug.obj
e:\practise\gametech_2017\build\ncltech\debug\object.obj
e:\practise\gametech_2017\build\ncltech\debug\hull.obj
e:\practise\gametech_2017\build\ncltech\debug\manifold.obj
e:\practise\gametech_2017\build\ncltech\debug\physicsengine.obj
e:\practise\gametech_2017\build\ncltech\debug\physicsobject.obj
e:\practise\gametech_2017\build\ncltech\debug\renderlist.obj
e:\practise\gametech_2017\build\ncltech\debug\scenemanager.obj
e:\practise\gametech_2017\build\ncltech\debug\scenerenderer.obj
e:\practise\gametech_2017\build\ncltech\debug\scene.obj
e:\practise\gametech_2017\build\ncltech\debug\screenpicker.obj
e:\practise\gametech_2017\build\ncltech\debug\objectmesh.obj
e:\practise\gametech_2017\build\ncltech\debug\spherecollisionshape.obj
e:\practise\gametech_2017\build\ncltech\debug\collisiondetectionsat.obj
e:\practise\gametech_2017\build\debug\ncltech.lib
e:\practise\gametech_2017\build\debug\ncltech.pdb
e:\practise\gametech_2017\build\ncltech\debug\ncltech.tlog\cl.command.1.tlog
e:\practise\gametech_2017\build\ncltech\debug\ncltech.tlog\cl.read.1.tlog
e:\practise\gametech_2017\build\ncltech\debug\ncltech.tlog\cl.write.1.tlog
e:\practise\gametech_2017\build\ncltech\debug\ncltech.tlog\lib-link.read.1.tlog
e:\practise\gametech_2017\build\ncltech\debug\ncltech.tlog\lib-link.write.1.tlog
e:\practise\gametech_2017\build\ncltech\debug\ncltech.tlog\lib.command.1.tlog
